#
# There is insufficient memory for the Java Runtime Environment to continue.
# Native memory allocation (malloc) failed to allocate 1874224 bytes for Chunk::new
# Possible reasons:
#   The system is out of physical RAM or swap space
#   The process is running with CompressedOops enabled, and the Java Heap may be blocking the growth of the native heap
# Possible solutions:
#   Reduce memory load on the system
#   Increase physical memory or swap space
#   Check if swap backing store is full
#   Decrease Java heap size (-Xmx/-Xms)
#   Decrease number of Java threads
#   Decrease Java thread stack sizes (-Xss)
#   Set larger code cache with -XX:ReservedCodeCacheSize=
#   JVM is running with Zero Based Compressed Oops mode in which the Java heap is
#     placed in the first 32GB address space. The Java Heap base address is the
#     maximum limit for the native heap growth. Please use -XX:HeapBaseMinAddress
#     to set the Java Heap base and to place the Java Heap above 32GB virtual address.
# This output file may be truncated or incomplete.
#
#  Out of Memory Error (allocation.cpp:389), pid=8884, tid=0x00000000000008c0
#
# JRE version: OpenJDK Runtime Environment (8.0_275-b01) (build 1.8.0_275-b01)
# Java VM: OpenJDK 64-Bit Server VM (25.275-b01 mixed mode windows-amd64 compressed oops)
# Failed to write core dump. Minidumps are not enabled by default on client versions of Windows
#

---------------  T H R E A D  ---------------

Current thread (0x000000001ed1b800):  JavaThread "C2 CompilerThread2" daemon [_thread_in_native, id=2240, stack(0x000000001f7e0000,0x000000001f8e0000)]

Stack: [0x000000001f7e0000,0x000000001f8e0000]
[error occurred during error reporting (printing stack bounds), id 0xc0000005]

Native frames: (J=compiled Java code, j=interpreted, Vv=VM code, C=native code)


Current CompileTask:
C2:  75762 9356       4       org.objectweb.asm.ClassReader::readCode (5089 bytes)


---------------  P R O C E S S  ---------------

Java Threads: ( => current thread )
  0x00000000243f6800 JavaThread "jar transforms Thread 114" [_thread_blocked, id=7280, stack(0x0000000033db0000,0x0000000033eb0000)]
  0x000000002f5ae800 JavaThread "jar transforms Thread 113" [_thread_blocked, id=7428, stack(0x0000000033cb0000,0x0000000033db0000)]
  0x000000002f5ad800 JavaThread "jar transforms Thread 112" [_thread_blocked, id=3376, stack(0x0000000033bb0000,0x0000000033cb0000)]
  0x000000002f5ad000 JavaThread "jar transforms Thread 111" [_thread_blocked, id=8148, stack(0x0000000033ab0000,0x0000000033bb0000)]
  0x000000002f5ab800 JavaThread "jar transforms Thread 110" [_thread_blocked, id=9944, stack(0x00000000339b0000,0x0000000033ab0000)]
  0x000000002f5a9800 JavaThread "jar transforms Thread 109" [_thread_blocked, id=8460, stack(0x00000000338b0000,0x00000000339b0000)]
  0x000000002f5ac000 JavaThread "jar transforms Thread 108" [_thread_blocked, id=3292, stack(0x00000000337b0000,0x00000000338b0000)]
  0x000000002f5aa800 JavaThread "jar transforms Thread 107" [_thread_blocked, id=2816, stack(0x00000000336b0000,0x00000000337b0000)]
  0x000000002f5a2000 JavaThread "jar transforms Thread 106" [_thread_blocked, id=8816, stack(0x00000000335b0000,0x00000000336b0000)]
  0x000000002f5a9000 JavaThread "jar transforms Thread 105" [_thread_blocked, id=7460, stack(0x00000000334b0000,0x00000000335b0000)]
  0x000000002f5a6000 JavaThread "jar transforms Thread 104" [_thread_blocked, id=6516, stack(0x00000000333b0000,0x00000000334b0000)]
  0x000000002f5a7800 JavaThread "jar transforms Thread 103" [_thread_blocked, id=8640, stack(0x00000000332b0000,0x00000000333b0000)]
  0x000000002f5a8000 JavaThread "jar transforms Thread 102" [_thread_blocked, id=6604, stack(0x00000000331b0000,0x00000000332b0000)]
  0x000000002f5a3800 JavaThread "jar transforms Thread 101" [_thread_blocked, id=6748, stack(0x00000000330b0000,0x00000000331b0000)]
  0x000000002f5a5000 JavaThread "jar transforms Thread 100" [_thread_blocked, id=5936, stack(0x0000000032fb0000,0x00000000330b0000)]
  0x000000002f5a2800 JavaThread "jar transforms Thread 99" [_thread_blocked, id=1848, stack(0x0000000032eb0000,0x0000000032fb0000)]
  0x000000002f5a4000 JavaThread "jar transforms Thread 98" [_thread_blocked, id=8260, stack(0x0000000032db0000,0x0000000032eb0000)]
  0x000000002f5a1000 JavaThread "jar transforms Thread 97" [_thread_blocked, id=5464, stack(0x0000000032cb0000,0x0000000032db0000)]
  0x000000002f5a0800 JavaThread "jar transforms Thread 96" [_thread_blocked, id=4520, stack(0x0000000032bb0000,0x0000000032cb0000)]
  0x000000002f59f800 JavaThread "jar transforms Thread 95" [_thread_blocked, id=9788, stack(0x0000000032ab0000,0x0000000032bb0000)]
  0x000000002f5a6800 JavaThread "jar transforms Thread 94" [_thread_blocked, id=8060, stack(0x00000000303d0000,0x00000000304d0000)]
  0x0000000023eef000 JavaThread "jar transforms Thread 93" [_thread_blocked, id=6176, stack(0x000000002f0e0000,0x000000002f1e0000)]
  0x0000000023eed800 JavaThread "Memory manager" [_thread_blocked, id=2960, stack(0x000000002e9e0000,0x000000002eae0000)]
  0x0000000023eea000 JavaThread "pool-1-thread-1" [_thread_blocked, id=6656, stack(0x000000002e4e0000,0x000000002e5e0000)]
  0x0000000023ee2800 JavaThread "jar transforms Thread 92" [_thread_blocked, id=9940, stack(0x000000002dfe0000,0x000000002e0e0000)]
  0x0000000023ee4000 JavaThread "jar transforms Thread 91" [_thread_blocked, id=3796, stack(0x000000002dee0000,0x000000002dfe0000)]
  0x0000000023ee9800 JavaThread "jar transforms Thread 90" [_thread_in_native, id=9520, stack(0x000000002dde0000,0x000000002dee0000)]
  0x0000000023ee8800 JavaThread "jar transforms Thread 89" [_thread_blocked, id=5364, stack(0x000000002dce0000,0x000000002dde0000)]
  0x0000000023ee3000 JavaThread "jar transforms Thread 88" [_thread_blocked, id=5008, stack(0x000000002dbe0000,0x000000002dce0000)]
  0x0000000023ee5800 JavaThread "jar transforms Thread 87" [_thread_blocked, id=8560, stack(0x000000002dae0000,0x000000002dbe0000)]
  0x0000000023ee1000 JavaThread "jar transforms Thread 86" [_thread_blocked, id=6468, stack(0x000000002d9e0000,0x000000002dae0000)]
  0x0000000023ee4800 JavaThread "jar transforms Thread 85" [_thread_blocked, id=6900, stack(0x000000002d8e0000,0x000000002d9e0000)]
  0x0000000023ee1800 JavaThread "jar transforms Thread 84" [_thread_blocked, id=9072, stack(0x000000002d7e0000,0x000000002d8e0000)]
  0x0000000023ee8000 JavaThread "jar transforms Thread 83" [_thread_blocked, id=6260, stack(0x000000002d6e0000,0x000000002d7e0000)]
  0x0000000023ee0000 JavaThread "jar transforms Thread 82" [_thread_blocked, id=8180, stack(0x000000002d5e0000,0x000000002d6e0000)]
  0x0000000023ee6800 JavaThread "jar transforms Thread 81" [_thread_blocked, id=3416, stack(0x000000002d4e0000,0x000000002d5e0000)]
  0x0000000023ee7000 JavaThread "jar transforms Thread 80" [_thread_blocked, id=7432, stack(0x000000002d3e0000,0x000000002d4e0000)]
  0x0000000020dec000 JavaThread "jar transforms Thread 79" [_thread_blocked, id=8352, stack(0x000000002d2e0000,0x000000002d3e0000)]
  0x0000000020deb000 JavaThread "jar transforms Thread 78" [_thread_blocked, id=5996, stack(0x000000002d1e0000,0x000000002d2e0000)]
  0x0000000020de6800 JavaThread "jar transforms Thread 77" [_thread_blocked, id=888, stack(0x000000002d0e0000,0x000000002d1e0000)]
  0x0000000020dea800 JavaThread "jar transforms Thread 76" [_thread_blocked, id=1944, stack(0x000000002cfe0000,0x000000002d0e0000)]
  0x0000000020de8800 JavaThread "jar transforms Thread 75" [_thread_blocked, id=9180, stack(0x000000002cee0000,0x000000002cfe0000)]
  0x0000000020de9800 JavaThread "jar transforms Thread 74" [_thread_blocked, id=4748, stack(0x000000002cde0000,0x000000002cee0000)]
  0x0000000020de8000 JavaThread "jar transforms Thread 73" [_thread_blocked, id=3068, stack(0x000000002cce0000,0x000000002cde0000)]
  0x0000000020de7000 JavaThread "jar transforms Thread 72" [_thread_blocked, id=6128, stack(0x000000002cbe0000,0x000000002cce0000)]
  0x0000000020dde800 JavaThread "jar transforms Thread 71" [_thread_blocked, id=9828, stack(0x000000002cae0000,0x000000002cbe0000)]
  0x0000000020ddf800 JavaThread "jar transforms Thread 70" [_thread_blocked, id=6964, stack(0x000000002c9e0000,0x000000002cae0000)]
  0x0000000020de5800 JavaThread "jar transforms Thread 69" [_thread_blocked, id=1548, stack(0x000000002c8e0000,0x000000002c9e0000)]
  0x0000000020de5000 JavaThread "jar transforms Thread 68" [_thread_blocked, id=7416, stack(0x000000002c7e0000,0x000000002c8e0000)]
  0x0000000020de3000 JavaThread "jar transforms Thread 67" [_thread_blocked, id=7712, stack(0x000000002c6e0000,0x000000002c7e0000)]
  0x0000000020dde000 JavaThread "jar transforms Thread 66" [_thread_blocked, id=6984, stack(0x000000002c5e0000,0x000000002c6e0000)]
  0x0000000020de2800 JavaThread "jar transforms Thread 65" [_thread_blocked, id=8268, stack(0x000000002c4e0000,0x000000002c5e0000)]
  0x0000000020ddd000 JavaThread "jar transforms Thread 64" [_thread_blocked, id=7844, stack(0x000000002c3e0000,0x000000002c4e0000)]
  0x0000000020de1000 JavaThread "jar transforms Thread 63" [_thread_blocked, id=1928, stack(0x000000002c2e0000,0x000000002c3e0000)]
  0x0000000020de4000 JavaThread "jar transforms Thread 62" [_thread_blocked, id=7188, stack(0x000000002c1e0000,0x000000002c2e0000)]
  0x0000000020de1800 JavaThread "jar transforms Thread 61" [_thread_blocked, id=9548, stack(0x000000002c0e0000,0x000000002c1e0000)]
  0x0000000020de0000 JavaThread "jar transforms Thread 60" [_thread_blocked, id=5300, stack(0x000000002bfe0000,0x000000002c0e0000)]
  0x0000000020edd000 JavaThread "jar transforms Thread 59" [_thread_blocked, id=1996, stack(0x000000002bee0000,0x000000002bfe0000)]
  0x0000000020edb800 JavaThread "jar transforms Thread 58" [_thread_blocked, id=8668, stack(0x000000002bde0000,0x000000002bee0000)]
  0x0000000020eda800 JavaThread "jar transforms Thread 57" [_thread_blocked, id=1512, stack(0x000000002bce0000,0x000000002bde0000)]
  0x0000000020eda000 JavaThread "jar transforms Thread 56" [_thread_blocked, id=8024, stack(0x000000002bbe0000,0x000000002bce0000)]
  0x0000000020edc800 JavaThread "jar transforms Thread 55" [_thread_blocked, id=4700, stack(0x000000002bae0000,0x000000002bbe0000)]
  0x0000000020ede800 JavaThread "jar transforms Thread 54" [_thread_blocked, id=9892, stack(0x000000002b9e0000,0x000000002bae0000)]
  0x0000000020ed9000 JavaThread "jar transforms Thread 53" [_thread_in_native, id=292, stack(0x000000002b8e0000,0x000000002b9e0000)]
  0x0000000020ede000 JavaThread "jar transforms Thread 52" [_thread_blocked, id=6084, stack(0x000000002b7e0000,0x000000002b8e0000)]
  0x0000000020ed1800 JavaThread "jar transforms Thread 51" [_thread_blocked, id=1924, stack(0x000000002b6e0000,0x000000002b7e0000)]
  0x0000000020ed8800 JavaThread "jar transforms Thread 50" [_thread_blocked, id=4636, stack(0x000000002b4e0000,0x000000002b5e0000)]
  0x0000000020ed0800 JavaThread "jar transforms Thread 49" [_thread_blocked, id=8748, stack(0x000000002b3e0000,0x000000002b4e0000)]
  0x0000000020ed7800 JavaThread "jar transforms Thread 48" [_thread_blocked, id=7016, stack(0x000000002b2e0000,0x000000002b3e0000)]
  0x0000000020ed4800 JavaThread "jar transforms Thread 47" [_thread_blocked, id=9904, stack(0x000000002b1e0000,0x000000002b2e0000)]
  0x0000000020ed3000 JavaThread "jar transforms Thread 46" [_thread_blocked, id=6988, stack(0x000000002b0e0000,0x000000002b1e0000)]
  0x0000000020ed7000 JavaThread "jar transforms Thread 45" [_thread_blocked, id=10020, stack(0x000000002afe0000,0x000000002b0e0000)]
  0x0000000020ed6000 JavaThread "jar transforms Thread 44" [_thread_blocked, id=1288, stack(0x000000002aee0000,0x000000002afe0000)]
  0x0000000020ecf800 JavaThread "jar transforms Thread 43" [_thread_blocked, id=4004, stack(0x000000002ade0000,0x000000002aee0000)]
  0x0000000020ed5000 JavaThread "jar transforms Thread 42" [_thread_in_native, id=704, stack(0x000000002ace0000,0x000000002ade0000)]
  0x0000000020ed3800 JavaThread "jar transforms Thread 41" [_thread_blocked, id=9240, stack(0x000000002abe0000,0x000000002ace0000)]
  0x0000000020ed2000 JavaThread "jar transforms Thread 40" [_thread_blocked, id=7244, stack(0x000000002aae0000,0x000000002abe0000)]
  0x000000001f04d800 JavaThread "jar transforms Thread 39" [_thread_blocked, id=2572, stack(0x000000002a9e0000,0x000000002aae0000)]
  0x000000001f049800 JavaThread "jar transforms Thread 38" [_thread_blocked, id=9164, stack(0x000000002a8e0000,0x000000002a9e0000)]
  0x000000001f04d000 JavaThread "jar transforms Thread 37" [_thread_blocked, id=4544, stack(0x000000002a7e0000,0x000000002a8e0000)]
  0x000000001f049000 JavaThread "jar transforms Thread 36" [_thread_blocked, id=3396, stack(0x000000002a6e0000,0x000000002a7e0000)]
  0x000000001f04b000 JavaThread "jar transforms Thread 35" [_thread_blocked, id=7820, stack(0x000000002a5e0000,0x000000002a6e0000)]
  0x000000001f04a800 JavaThread "jar transforms Thread 34" [_thread_blocked, id=2880, stack(0x000000002a4e0000,0x000000002a5e0000)]
  0x000000001f048000 JavaThread "jar transforms Thread 33" [_thread_blocked, id=3828, stack(0x000000002a3e0000,0x000000002a4e0000)]
  0x000000001f04c000 JavaThread "jar transforms Thread 32" [_thread_blocked, id=9872, stack(0x000000002a2e0000,0x000000002a3e0000)]
  0x000000001f041000 JavaThread "jar transforms Thread 31" [_thread_blocked, id=5200, stack(0x000000002a1e0000,0x000000002a2e0000)]
  0x000000001f047800 JavaThread "jar transforms Thread 30" [_thread_blocked, id=4776, stack(0x000000002a0e0000,0x000000002a1e0000)]
  0x000000001f042800 JavaThread "jar transforms Thread 29" [_thread_blocked, id=8372, stack(0x0000000029fe0000,0x000000002a0e0000)]
  0x000000001f03f800 JavaThread "jar transforms Thread 28" [_thread_blocked, id=7396, stack(0x0000000029ee0000,0x0000000029fe0000)]
  0x000000001f046000 JavaThread "jar transforms Thread 27" [_thread_blocked, id=8720, stack(0x0000000029de0000,0x0000000029ee0000)]
  0x000000001f042000 JavaThread "jar transforms Thread 26" [_thread_blocked, id=10100, stack(0x0000000029ce0000,0x0000000029de0000)]
  0x000000001f046800 JavaThread "jar transforms Thread 25" [_thread_blocked, id=4428, stack(0x0000000029be0000,0x0000000029ce0000)]
  0x000000001f045000 JavaThread "jar transforms Thread 24" [_thread_blocked, id=5392, stack(0x0000000029ae0000,0x0000000029be0000)]
  0x000000001f03e800 JavaThread "jar transforms Thread 23" [_thread_blocked, id=3680, stack(0x00000000299e0000,0x0000000029ae0000)]
  0x000000001f040800 JavaThread "jar transforms Thread 22" [_thread_blocked, id=2472, stack(0x00000000298e0000,0x00000000299e0000)]
  0x000000001f044000 JavaThread "jar transforms Thread 21" [_thread_blocked, id=9568, stack(0x00000000297e0000,0x00000000298e0000)]
  0x000000001f043800 JavaThread "jar transforms Thread 20" [_thread_blocked, id=9652, stack(0x00000000296e0000,0x00000000297e0000)]
  0x000000002044f800 JavaThread "jar transforms Thread 19" [_thread_blocked, id=2652, stack(0x00000000295e0000,0x00000000296e0000)]
  0x0000000020456800 JavaThread "jar transforms Thread 18" [_thread_blocked, id=272, stack(0x00000000294e0000,0x00000000295e0000)]
  0x0000000020455800 JavaThread "jar transforms Thread 17" [_thread_blocked, id=1248, stack(0x00000000293e0000,0x00000000294e0000)]
  0x0000000020455000 JavaThread "jar transforms Thread 16" [_thread_blocked, id=9792, stack(0x00000000292e0000,0x00000000293e0000)]
  0x0000000020452800 JavaThread "jar transforms Thread 15" [_thread_blocked, id=10136, stack(0x00000000291e0000,0x00000000292e0000)]
  0x0000000020454000 JavaThread "jar transforms Thread 14" [_thread_blocked, id=6568, stack(0x00000000290e0000,0x00000000291e0000)]
  0x0000000020451800 JavaThread "jar transforms Thread 13" [_thread_blocked, id=9304, stack(0x0000000028fe0000,0x00000000290e0000)]
  0x0000000020450000 JavaThread "jar transforms Thread 12" [_thread_blocked, id=4592, stack(0x0000000028ee0000,0x0000000028fe0000)]
  0x0000000020451000 JavaThread "jar transforms Thread 11" [_thread_blocked, id=10164, stack(0x0000000028de0000,0x0000000028ee0000)]
  0x0000000020453800 JavaThread "jar transforms Thread 10" [_thread_blocked, id=1568, stack(0x0000000028ce0000,0x0000000028de0000)]
  0x0000000020676000 JavaThread "jar transforms Thread 9" [_thread_blocked, id=3580, stack(0x0000000028be0000,0x0000000028ce0000)]
  0x0000000020670800 JavaThread "jar transforms Thread 8" [_thread_blocked, id=928, stack(0x0000000028ae0000,0x0000000028be0000)]
  0x0000000020675800 JavaThread "jar transforms Thread 7" [_thread_blocked, id=8656, stack(0x00000000289e0000,0x0000000028ae0000)]
  0x0000000020674000 JavaThread "jar transforms Thread 6" [_thread_blocked, id=2864, stack(0x00000000288e0000,0x00000000289e0000)]
  0x0000000020673000 JavaThread "jar transforms Thread 5" [_thread_blocked, id=2896, stack(0x00000000287e0000,0x00000000288e0000)]
  0x0000000020674800 JavaThread "jar transforms Thread 4" [_thread_blocked, id=6912, stack(0x00000000286e0000,0x00000000287e0000)]
  0x0000000020672800 JavaThread "jar transforms Thread 3" [_thread_blocked, id=4356, stack(0x00000000285e0000,0x00000000286e0000)]
  0x0000000020671800 JavaThread "jar transforms Thread 2" [_thread_blocked, id=8768, stack(0x00000000284e0000,0x00000000285e0000)]
  0x0000000020669000 JavaThread "Build operations Thread 8" [_thread_blocked, id=9692, stack(0x00000000283e0000,0x00000000284e0000)]
  0x0000000020670000 JavaThread "Build operations Thread 7" [_thread_blocked, id=9272, stack(0x00000000282e0000,0x00000000283e0000)]
  0x000000002066e800 JavaThread "Build operations Thread 6" [_thread_blocked, id=516, stack(0x00000000281e0000,0x00000000282e0000)]
  0x000000002066d800 JavaThread "Build operations Thread 5" [_thread_blocked, id=3848, stack(0x00000000280e0000,0x00000000281e0000)]
  0x000000002066b000 JavaThread "Build operations Thread 4" [_thread_blocked, id=6560, stack(0x0000000027fe0000,0x00000000280e0000)]
  0x000000002066a800 JavaThread "Build operations Thread 3" [_thread_blocked, id=9424, stack(0x0000000027ee0000,0x0000000027fe0000)]
  0x000000002066f000 JavaThread "Build operations Thread 2" [_thread_blocked, id=7536, stack(0x0000000027de0000,0x0000000027ee0000)]
  0x000000002066d000 JavaThread "Build operations" [_thread_blocked, id=5956, stack(0x0000000027ce0000,0x0000000027de0000)]
  0x0000000020668000 JavaThread "Cache worker for Build Output Cleanup Cache (D:\Projects\carket\android\.gradle\buildOutputCleanup)" [_thread_blocked, id=2380, stack(0x00000000279e0000,0x0000000027ae0000)]
  0x000000002066c000 JavaThread "Cache worker for file content cache (C:\Users\Nursultan\.gradle\caches\6.7\fileContent)" [_thread_blocked, id=3100, stack(0x0000000027230000,0x0000000027330000)]
  0x00000000208bb800 JavaThread "jar transforms" [_thread_blocked, id=10212, stack(0x0000000026f30000,0x0000000027030000)]
  0x00000000208be800 JavaThread "Cache worker for execution history cache (C:\Users\Nursultan\.gradle\caches\6.7\executionHistory)" [_thread_blocked, id=10104, stack(0x0000000026830000,0x0000000026930000)]
  0x00000000208c1000 JavaThread "Cache worker for cache directory md-rule (C:\Users\Nursultan\.gradle\caches\6.7\md-rule)" [_thread_blocked, id=9332, stack(0x0000000026730000,0x0000000026830000)]
  0x00000000208ba800 JavaThread "Cache worker for cache directory md-supplier (C:\Users\Nursultan\.gradle\caches\6.7\md-supplier)" [_thread_blocked, id=9264, stack(0x0000000026430000,0x0000000026530000)]
  0x00000000208be000 JavaThread "Cache worker for checksums cache (D:\Projects\carket\android\.gradle\checksums)" [_thread_blocked, id=9708, stack(0x00000000250e0000,0x00000000251e0000)]
  0x00000000208bc000 JavaThread "Cache worker for file hash cache (D:\Projects\carket\android\.gradle\6.7\fileHashes)" [_thread_blocked, id=9268, stack(0x0000000024fe0000,0x00000000250e0000)]
  0x00000000208bd000 JavaThread "Cache worker for journal cache (C:\Users\Nursultan\.gradle\caches\journal-1)" [_thread_blocked, id=5592, stack(0x0000000024ce0000,0x0000000024de0000)]
  0x00000000208bf800 JavaThread "File lock request listener" [_thread_in_native, id=10052, stack(0x0000000023c10000,0x0000000023d10000)]
  0x00000000208c1800 JavaThread "Cache worker for file hash cache (C:\Users\Nursultan\.gradle\caches\6.7\fileHashes)" [_thread_blocked, id=9364, stack(0x0000000023b10000,0x0000000023c10000)]
  0x00000000205ea000 JavaThread "Thread-9" [_thread_blocked, id=9480, stack(0x0000000023810000,0x0000000023910000)]
  0x000000001fd36800 JavaThread "Stdin handler" [_thread_blocked, id=2192, stack(0x0000000023710000,0x0000000023810000)]
  0x000000001fd20000 JavaThread "Asynchronous log dispatcher for DefaultDaemonConnection: socket connection from /127.0.0.1:61106 to /127.0.0.1:61107" [_thread_blocked, id=3556, stack(0x0000000023610000,0x0000000023710000)]
  0x000000001fd1f800 JavaThread "Daemon worker" [_thread_blocked, id=9840, stack(0x0000000023510000,0x0000000023610000)]
  0x00000000205d4000 JavaThread "Cancel handler" [_thread_blocked, id=7300, stack(0x0000000023310000,0x0000000023410000)]
  0x000000002032d000 JavaThread "Handler for socket connection from /127.0.0.1:61106 to /127.0.0.1:61107" [_thread_in_native, id=2836, stack(0x0000000023210000,0x0000000023310000)]
  0x0000000020328800 JavaThread "Daemon" [_thread_blocked, id=9984, stack(0x0000000022f10000,0x0000000023010000)]
  0x0000000020b90000 JavaThread "Daemon periodic checks" [_thread_blocked, id=9796, stack(0x0000000022e10000,0x0000000022f10000)]
  0x0000000020ab3000 JavaThread "Incoming local TCP Connector on port 61106" [_thread_in_native, id=1476, stack(0x0000000022bc0000,0x0000000022cc0000)]
  0x000000001fc56800 JavaThread "Daemon health stats" [_thread_blocked, id=5316, stack(0x0000000022580000,0x0000000022680000)]
  0x000000001edac800 JavaThread "Service Thread" daemon [_thread_blocked, id=716, stack(0x000000001f9e0000,0x000000001fae0000)]
  0x000000001ed2a000 JavaThread "C1 CompilerThread3" daemon [_thread_blocked, id=5344, stack(0x000000001f8e0000,0x000000001f9e0000)]
=>0x000000001ed1b800 JavaThread "C2 CompilerThread2" daemon [_thread_in_native, id=2240, stack(0x000000001f7e0000,0x000000001f8e0000)]
  0x000000001ed19800 JavaThread "C2 CompilerThread1" daemon [_thread_in_native, id=1432, stack(0x000000001f6e0000,0x000000001f7e0000)]
  0x000000001cf1d800 JavaThread "C2 CompilerThread0" daemon [_thread_blocked, id=240, stack(0x000000001f5e0000,0x000000001f6e0000)]
  0x000000001ed14800 JavaThread "Attach Listener" daemon [_thread_blocked, id=8252, stack(0x000000001f4e0000,0x000000001f5e0000)]
  0x000000001ed13800 JavaThread "Signal Dispatcher" daemon [_thread_blocked, id=7904, stack(0x000000001f3e0000,0x000000001f4e0000)]
  0x000000001ed00800 JavaThread "Finalizer" daemon [_thread_blocked, id=7808, stack(0x000000001f1e0000,0x000000001f2e0000)]
  0x00000000033e8000 JavaThread "Reference Handler" daemon [_thread_blocked, id=8772, stack(0x000000001f0e0000,0x000000001f1e0000)]
  0x00000000018be800 JavaThread "main" [_thread_blocked, id=4268, stack(0x0000000003130000,0x0000000003230000)]

Other Threads:
  0x000000001cf06800 VMThread [stack: 0x000000001ebe0000,0x000000001ece0000] [id=10160]
  0x000000001edad000 WatcherThread [stack: 0x000000001fae0000,0x000000001fbe0000] [id=9156]

VM state:not at safepoint (normal execution)

VM Mutex/Monitor currently owned by a thread: None

heap address: 0x00000006c0000000, size: 4096 MB, Compressed Oops mode: Zero based, Oop shift amount: 3
Narrow klass base: 0x0000000000000000, Narrow klass shift: 3
Compressed class space size: 1073741824 Address: 0x00000007c0000000

Heap:
 PSYoungGen      total 378368K, used 94833K [0x000000076ab00000, 0x0000000784700000, 0x00000007c0000000)
  eden space 350720K, 22% used [0x000000076ab00000,0x000000076f75c788,0x0000000780180000)
  from space 27648K, 60% used [0x0000000780180000,0x00000007811c0010,0x0000000781c80000)
  to   space 24576K, 0% used [0x0000000781c80000,0x0000000781c80000,0x0000000783480000)
 ParOldGen       total 128000K, used 51256K [0x00000006c0000000, 0x00000006c7d00000, 0x000000076ab00000)
  object space 128000K, 40% used [0x00000006c0000000,0x00000006c320e060,0x00000006c7d00000)
 Metaspace       used 65317K, capacity 69676K, committed 69848K, reserved 1110016K
  class space    used 8943K, capacity 9977K, committed 9984K, reserved 1048576K

Card table byte_map: [0x00000000127b0000,0x0000000012fc0000] byte_map_base: 0x000000000f1b0000

Marking Bits: (ParMarkBitMap*) 0x000000006ab523c0
 Begin Bits: [0x0000000013d20000, 0x0000000017d20000)
 End Bits:   [0x0000000017d20000, 0x000000001bd20000)

Polling page: 0x0000000000ff0000

CodeCache: size=245760Kb used=29526Kb max_used=30415Kb free=216233Kb
 bounds [0x00000000033f0000, 0x0000000005210000, 0x00000000123f0000]
 total_blobs=8863 nmethods=8069 adapters=705
 compilation: enabled

Compilation events (10 events):
Event: 75.355 Thread 0x000000001cf1d800 nmethod 9366 0x000000000516ff10 code [0x00000000051700c0, 0x0000000005170ca8]
Event: 75.361 Thread 0x000000001ed2a000 9367       3       org.objectweb.asm.ClassWriter::toByteArray (1513 bytes)
Event: 75.366 Thread 0x000000001ed19800 nmethod 9364 0x0000000003e22ad0 code [0x0000000003e22f00, 0x0000000003e26cb8]
Event: 75.373 Thread 0x000000001ed2a000 nmethod 9367 0x00000000049f7590 code [0x00000000049f7e40, 0x00000000049fd508]
Event: 75.373 Thread 0x000000001ed2a000 9368 %     3       org.objectweb.asm.ClassReader::accept @ 1349 (1376 bytes)
Event: 75.390 Thread 0x000000001ed2a000 nmethod 9368% 0x0000000004358790 code [0x0000000004359300, 0x00000000043628e8]
Event: 75.394 Thread 0x000000001ed2a000 9369       3       org.objectweb.asm.ClassReader::accept (1376 bytes)
Event: 75.413 Thread 0x000000001ed2a000 nmethod 9369 0x0000000004342690 code [0x0000000004343200, 0x000000000434c728]
Event: 75.531 Thread 0x000000001ed2a000 9370       3       java.util.logging.Logger::isLoggable (25 bytes)
Event: 75.531 Thread 0x000000001ed2a000 nmethod 9370 0x0000000003659b10 code [0x0000000003659c80, 0x0000000003659f10]

GC Heap History (10 events):
Event: 62.138 GC heap before
{Heap before GC invocations=28 (full 3):
 PSYoungGen      total 297472K, used 287488K [0x000000076ab00000, 0x000000077e580000, 0x00000007c0000000)
  eden space 285184K, 100% used [0x000000076ab00000,0x000000077c180000,0x000000077c180000)
  from space 12288K, 18% used [0x000000077d980000,0x000000077dbc0010,0x000000077e580000)
  to   space 18432K, 0% used [0x000000077c180000,0x000000077c180000,0x000000077d380000)
 ParOldGen       total 128000K, used 50008K [0x00000006c0000000, 0x00000006c7d00000, 0x000000076ab00000)
  object space 128000K, 39% used [0x00000006c0000000,0x00000006c30d6010,0x00000006c7d00000)
 Metaspace       used 63659K, capacity 66716K, committed 67032K, reserved 1107968K
  class space    used 8735K, capacity 9389K, committed 9472K, reserved 1048576K
Event: 62.141 GC heap after
Heap after GC invocations=28 (full 3):
 PSYoungGen      total 303616K, used 1600K [0x000000076ab00000, 0x0000000780580000, 0x00000007c0000000)
  eden space 285184K, 0% used [0x000000076ab00000,0x000000076ab00000,0x000000077c180000)
  from space 18432K, 8% used [0x000000077c180000,0x000000077c310010,0x000000077d380000)
  to   space 17920K, 0% used [0x000000077f400000,0x000000077f400000,0x0000000780580000)
 ParOldGen       total 128000K, used 50016K [0x00000006c0000000, 0x00000006c7d00000, 0x000000076ab00000)
  object space 128000K, 39% used [0x00000006c0000000,0x00000006c30d8010,0x00000006c7d00000)
 Metaspace       used 63659K, capacity 66716K, committed 67032K, reserved 1107968K
  class space    used 8735K, capacity 9389K, committed 9472K, reserved 1048576K
}
Event: 70.227 GC heap before
{Heap before GC invocations=29 (full 3):
 PSYoungGen      total 303616K, used 286784K [0x000000076ab00000, 0x0000000780580000, 0x00000007c0000000)
  eden space 285184K, 100% used [0x000000076ab00000,0x000000077c180000,0x000000077c180000)
  from space 18432K, 8% used [0x000000077c180000,0x000000077c310010,0x000000077d380000)
  to   space 17920K, 0% used [0x000000077f400000,0x000000077f400000,0x0000000780580000)
 ParOldGen       total 128000K, used 50016K [0x00000006c0000000, 0x00000006c7d00000, 0x000000076ab00000)
  object space 128000K, 39% used [0x00000006c0000000,0x00000006c30d8010,0x00000006c7d00000)
 Metaspace       used 65285K, capacity 69574K, committed 69848K, reserved 1110016K
  class space    used 8942K, capacity 9944K, committed 9984K, reserved 1048576K
Event: 70.251 GC heap after
Heap after GC invocations=29 (full 3):
 PSYoungGen      total 333824K, used 17815K [0x000000076ab00000, 0x0000000780880000, 0x00000007c0000000)
  eden space 315904K, 0% used [0x000000076ab00000,0x000000076ab00000,0x000000077df80000)
  from space 17920K, 99% used [0x000000077f400000,0x0000000780565f18,0x0000000780580000)
  to   space 20992K, 0% used [0x000000077df80000,0x000000077df80000,0x000000077f400000)
 ParOldGen       total 128000K, used 50024K [0x00000006c0000000, 0x00000006c7d00000, 0x000000076ab00000)
  object space 128000K, 39% used [0x00000006c0000000,0x00000006c30da010,0x00000006c7d00000)
 Metaspace       used 65285K, capacity 69574K, committed 69848K, reserved 1110016K
  class space    used 8942K, capacity 9944K, committed 9984K, reserved 1048576K
}
Event: 71.865 GC heap before
{Heap before GC invocations=30 (full 3):
 PSYoungGen      total 333824K, used 333719K [0x000000076ab00000, 0x0000000780880000, 0x00000007c0000000)
  eden space 315904K, 100% used [0x000000076ab00000,0x000000077df80000,0x000000077df80000)
  from space 17920K, 99% used [0x000000077f400000,0x0000000780565f18,0x0000000780580000)
  to   space 20992K, 0% used [0x000000077df80000,0x000000077df80000,0x000000077f400000)
 ParOldGen       total 128000K, used 50141K [0x00000006c0000000, 0x00000006c7d00000, 0x000000076ab00000)
  object space 128000K, 39% used [0x00000006c0000000,0x00000006c30f77d8,0x00000006c7d00000)
 Metaspace       used 65293K, capacity 69574K, committed 69848K, reserved 1110016K
  class space    used 8942K, capacity 9944K, committed 9984K, reserved 1048576K
Event: 71.884 GC heap after
Heap after GC invocations=30 (full 3):
 PSYoungGen      total 336896K, used 19539K [0x000000076ab00000, 0x0000000783480000, 0x00000007c0000000)
  eden space 315904K, 0% used [0x000000076ab00000,0x000000076ab00000,0x000000077df80000)
  from space 20992K, 93% used [0x000000077df80000,0x000000077f294d68,0x000000077f400000)
  to   space 24576K, 0% used [0x0000000781c80000,0x0000000781c80000,0x0000000783480000)
 ParOldGen       total 128000K, used 50149K [0x00000006c0000000, 0x00000006c7d00000, 0x000000076ab00000)
  object space 128000K, 39% used [0x00000006c0000000,0x00000006c30f97d8,0x00000006c7d00000)
 Metaspace       used 65293K, capacity 69574K, committed 69848K, reserved 1110016K
  class space    used 8942K, capacity 9944K, committed 9984K, reserved 1048576K
}
Event: 72.796 GC heap before
{Heap before GC invocations=31 (full 3):
 PSYoungGen      total 336896K, used 335443K [0x000000076ab00000, 0x0000000783480000, 0x00000007c0000000)
  eden space 315904K, 100% used [0x000000076ab00000,0x000000077df80000,0x000000077df80000)
  from space 20992K, 93% used [0x000000077df80000,0x000000077f294d68,0x000000077f400000)
  to   space 24576K, 0% used [0x0000000781c80000,0x0000000781c80000,0x0000000783480000)
 ParOldGen       total 128000K, used 50173K [0x00000006c0000000, 0x00000006c7d00000, 0x000000076ab00000)
  object space 128000K, 39% used [0x00000006c0000000,0x00000006c30ff578,0x00000006c7d00000)
 Metaspace       used 65312K, capacity 69670K, committed 69848K, reserved 1110016K
  class space    used 8943K, capacity 9976K, committed 9984K, reserved 1048576K
Event: 72.826 GC heap after
Heap after GC invocations=31 (full 3):
 PSYoungGen      total 375296K, used 20411K [0x000000076ab00000, 0x0000000784700000, 0x00000007c0000000)
  eden space 350720K, 0% used [0x000000076ab00000,0x000000076ab00000,0x0000000780180000)
  from space 24576K, 83% used [0x0000000781c80000,0x000000078306ee08,0x0000000783480000)
  to   space 27648K, 0% used [0x0000000780180000,0x0000000780180000,0x0000000781c80000)
 ParOldGen       total 128000K, used 50181K [0x00000006c0000000, 0x00000006c7d00000, 0x000000076ab00000)
  object space 128000K, 39% used [0x00000006c0000000,0x00000006c3101578,0x00000006c7d00000)
 Metaspace       used 65312K, capacity 69670K, committed 69848K, reserved 1110016K
  class space    used 8943K, capacity 9976K, committed 9984K, reserved 1048576K
}
Event: 75.235 GC heap before
{Heap before GC invocations=32 (full 3):
 PSYoungGen      total 375296K, used 371131K [0x000000076ab00000, 0x0000000784700000, 0x00000007c0000000)
  eden space 350720K, 100% used [0x000000076ab00000,0x0000000780180000,0x0000000780180000)
  from space 24576K, 83% used [0x0000000781c80000,0x000000078306ee08,0x0000000783480000)
  to   space 27648K, 0% used [0x0000000780180000,0x0000000780180000,0x0000000781c80000)
 ParOldGen       total 128000K, used 50192K [0x00000006c0000000, 0x00000006c7d00000, 0x000000076ab00000)
  object space 128000K, 39% used [0x00000006c0000000,0x00000006c3104050,0x00000006c7d00000)
 Metaspace       used 65313K, capacity 69670K, committed 69848K, reserved 1110016K
  class space    used 8943K, capacity 9976K, committed 9984K, reserved 1048576K
Event: 75.258 GC heap after
Heap after GC invocations=32 (full 3):
 PSYoungGen      total 378368K, used 16640K [0x000000076ab00000, 0x0000000784700000, 0x00000007c0000000)
  eden space 350720K, 0% used [0x000000076ab00000,0x000000076ab00000,0x0000000780180000)
  from space 27648K, 60% used [0x0000000780180000,0x00000007811c0010,0x0000000781c80000)
  to   space 24576K, 0% used [0x0000000781c80000,0x0000000781c80000,0x0000000783480000)
 ParOldGen       total 128000K, used 51256K [0x00000006c0000000, 0x00000006c7d00000, 0x000000076ab00000)
  object space 128000K, 40% used [0x00000006c0000000,0x00000006c320e060,0x00000006c7d00000)
 Metaspace       used 65313K, capacity 69670K, committed 69848K, reserved 1110016K
  class space    used 8943K, capacity 9976K, committed 9984K, reserved 1048576K
}

Deoptimization events (10 events):
Event: 73.751 Thread 0x0000000020ed5000 Uncommon trap: reason=unstable_if action=reinterpret pc=0x000000000395e1c0 method=org.objectweb.asm.MethodWriter.putMethodInfo(Lorg/objectweb/asm/ByteVector;)V @ 210
Event: 73.751 Thread 0x0000000020ed5000 Uncommon trap: reason=unstable_if action=reinterpret pc=0x00000000050eeff8 method=org.objectweb.asm.AnnotationWriter.putAnnotations(Lorg/objectweb/asm/SymbolTable;Lorg/objectweb/asm/AnnotationWriter;Lorg/objectweb/asm/AnnotationWriter;Lorg/objectweb/asm/A
Event: 73.789 Thread 0x0000000020ed5000 Uncommon trap: reason=unstable_if action=reinterpret pc=0x000000000515ab98 method=org.objectweb.asm.ClassReader.readField(Lorg/objectweb/asm/ClassVisitor;Lorg/objectweb/asm/Context;I)I @ 253
Event: 73.791 Thread 0x0000000020ed5000 Uncommon trap: reason=unstable_if action=reinterpret pc=0x000000000519f248 method=org.objectweb.asm.AnnotationWriter.computeAnnotationsSize(Lorg/objectweb/asm/AnnotationWriter;Lorg/objectweb/asm/AnnotationWriter;Lorg/objectweb/asm/AnnotationWriter;Lorg/ob
Event: 73.791 Thread 0x0000000020ed5000 Uncommon trap: reason=unstable_if action=reinterpret pc=0x0000000005111a9c method=org.objectweb.asm.AnnotationWriter.computeAnnotationsSize(Lorg/objectweb/asm/AnnotationWriter;Lorg/objectweb/asm/AnnotationWriter;Lorg/objectweb/asm/AnnotationWriter;Lorg/ob
Event: 73.791 Thread 0x0000000020ed5000 Uncommon trap: reason=unstable_if action=reinterpret pc=0x0000000005175ac4 method=org.objectweb.asm.FieldWriter.putFieldInfo(Lorg/objectweb/asm/ByteVector;)V @ 145
Event: 75.187 Thread 0x0000000023ee9800 Uncommon trap: reason=unstable_if action=reinterpret pc=0x0000000004418c40 method=org.objectweb.asm.SymbolTable.addConstantMemberReference(ILjava/lang/String;Ljava/lang/String;Ljava/lang/String;)Lorg/objectweb/asm/SymbolTable$Entry; @ 63
Event: 75.187 Thread 0x0000000023ee9800 Uncommon trap: reason=unstable_if action=reinterpret pc=0x0000000004bb6284 method=org.objectweb.asm.SymbolTable.addConstantNameAndType(Ljava/lang/String;Ljava/lang/String;)I @ 54
Event: 75.360 Thread 0x0000000020ed5000 Uncommon trap: reason=unstable_if action=reinterpret pc=0x00000000050b5cf4 method=org.objectweb.asm.ClassReader.accept(Lorg/objectweb/asm/ClassVisitor;[Lorg/objectweb/asm/Attribute;I)V @ 485
Event: 75.360 Thread 0x0000000020ed5000 Uncommon trap: reason=unstable_if action=reinterpret pc=0x00000000049c62ec method=org.objectweb.asm.ClassWriter.toByteArray()[B @ 364

Classes redefined (0 events):
No events

Internal exceptions (10 events):
Event: 72.916 Thread 0x000000001f04d000 Exception <a 'sun/nio/fs/WindowsException'> (0x000000076f79c8a8) thrown at [C:\cygwin64\tmp\build\source\java-1.8.0-openjdk\tmp\jdk8u\hotspot\src\share\vm\prims\jni.cpp, line 711]
Event: 73.006 Thread 0x0000000020ed5000 Implicit null exception at 0x0000000004b41615 to 0x0000000004b41861
Event: 73.536 Thread 0x000000001f042800 Exception <a 'sun/nio/fs/WindowsException'> (0x0000000778471ca0) thrown at [C:\cygwin64\tmp\build\source\java-1.8.0-openjdk\tmp\jdk8u\hotspot\src\share\vm\prims\jni.cpp, line 711]
Event: 73.539 Thread 0x000000001f042800 Exception <a 'sun/nio/fs/WindowsException'> (0x00000007784720c8) thrown at [C:\cygwin64\tmp\build\source\java-1.8.0-openjdk\tmp\jdk8u\hotspot\src\share\vm\prims\jni.cpp, line 711]
Event: 73.610 Thread 0x000000001f042000 Exception <a 'sun/nio/fs/WindowsException'> (0x0000000778ac0990) thrown at [C:\cygwin64\tmp\build\source\java-1.8.0-openjdk\tmp\jdk8u\hotspot\src\share\vm\prims\jni.cpp, line 711]
Event: 73.611 Thread 0x000000001f042000 Exception <a 'sun/nio/fs/WindowsException'> (0x0000000778ac0d30) thrown at [C:\cygwin64\tmp\build\source\java-1.8.0-openjdk\tmp\jdk8u\hotspot\src\share\vm\prims\jni.cpp, line 711]
Event: 73.915 Thread 0x0000000023ee4000 Exception <a 'sun/nio/fs/WindowsException'> (0x000000077c9d47d0) thrown at [C:\cygwin64\tmp\build\source\java-1.8.0-openjdk\tmp\jdk8u\hotspot\src\share\vm\prims\jni.cpp, line 711]
Event: 73.917 Thread 0x0000000023ee4000 Exception <a 'sun/nio/fs/WindowsException'> (0x000000077c9d4b90) thrown at [C:\cygwin64\tmp\build\source\java-1.8.0-openjdk\tmp\jdk8u\hotspot\src\share\vm\prims\jni.cpp, line 711]
Event: 75.145 Thread 0x0000000023ee2800 Exception <a 'sun/nio/fs/WindowsException'> (0x000000077ea10780) thrown at [C:\cygwin64\tmp\build\source\java-1.8.0-openjdk\tmp\jdk8u\hotspot\src\share\vm\prims\jni.cpp, line 711]
Event: 75.146 Thread 0x0000000023ee2800 Exception <a 'sun/nio/fs/WindowsException'> (0x000000077ea10b00) thrown at [C:\cygwin64\tmp\build\source\java-1.8.0-openjdk\tmp\jdk8u\hotspot\src\share\vm\prims\jni.cpp, line 711]

Events (10 events):
Event: 75.641 Thread 0x0000000020ed9000 DEOPT PACKING pc=0x00000000051b8f74 sp=0x000000002b9de0f0
Event: 75.641 Thread 0x0000000020ed9000 DEOPT UNPACKING pc=0x00000000034375d0 sp=0x000000002b9ddfe8 mode 0
Event: 75.642 Thread 0x0000000020ed9000 DEOPT PACKING pc=0x00000000051b8f74 sp=0x000000002b9de0f0
Event: 75.642 Thread 0x0000000020ed9000 DEOPT UNPACKING pc=0x00000000034375d0 sp=0x000000002b9ddfe8 mode 0
Event: 75.644 Thread 0x0000000020ed5000 DEOPT PACKING pc=0x00000000051b8f74 sp=0x000000002adde560
Event: 75.644 Thread 0x0000000020ed5000 DEOPT UNPACKING pc=0x00000000034375d0 sp=0x000000002adde458 mode 0
Event: 75.646 Thread 0x0000000020ed9000 DEOPT PACKING pc=0x00000000051ba282 sp=0x000000002b9de0f0
Event: 75.646 Thread 0x0000000020ed9000 DEOPT UNPACKING pc=0x00000000034375d0 sp=0x000000002b9ddfe8 mode 0
Event: 75.647 Thread 0x0000000020ed9000 DEOPT PACKING pc=0x00000000051ba282 sp=0x000000002b9de0f0
Event: 75.647 Thread 0x0000000020ed9000 DEOPT UNPACKING pc=0x00000000034375d0 sp=0x000000002b9ddfe8 mode 0


Dynamic libraries:
0x00007ff6996a0000 - 0x00007ff6996d5000 	C:\Program Files\OpenJDK\openjdk-8u275-b01\bin\java.exe
0x00007ffaa7ba0000 - 0x00007ffaa7d8d000 	C:\Windows\SYSTEM32\ntdll.dll
0x00007ffaa5b20000 - 0x00007ffaa5bd4000 	C:\Windows\System32\KERNEL32.DLL
0x00007ffaa4040000 - 0x00007ffaa42d5000 	C:\Windows\System32\KERNELBASE.dll
0x00007ffaa50d0000 - 0x00007ffaa5174000 	C:\Windows\System32\ADVAPI32.dll
0x00007ffaa7ad0000 - 0x00007ffaa7b6e000 	C:\Windows\System32\msvcrt.dll
0x00007ffaa5180000 - 0x00007ffaa521e000 	C:\Windows\System32\sechost.dll
0x00007ffaa4dd0000 - 0x00007ffaa4eef000 	C:\Windows\System32\RPCRT4.dll
0x00007ffaa5430000 - 0x00007ffaa55c7000 	C:\Windows\System32\USER32.dll
0x00007ffaa4bc0000 - 0x00007ffaa4be0000 	C:\Windows\System32\win32u.dll
0x00007ffaa5220000 - 0x00007ffaa5249000 	C:\Windows\System32\GDI32.dll
0x00007ffaa4c30000 - 0x00007ffaa4dcc000 	C:\Windows\System32\gdi32full.dll
0x00007ffaa3c60000 - 0x00007ffaa3d00000 	C:\Windows\System32\msvcp_win.dll
0x00007ffaa3f40000 - 0x00007ffaa403a000 	C:\Windows\System32\ucrtbase.dll
0x00007ffa9dd60000 - 0x00007ffa9dfd9000 	C:\Windows\WinSxS\amd64_microsoft.windows.common-controls_6595b64144ccf1df_6.0.17763.2237_none_de70457e534c3aa8\COMCTL32.dll
0x00007ffaa5fc0000 - 0x00007ffaa62ed000 	C:\Windows\System32\combase.dll
0x00007ffaa4310000 - 0x00007ffaa4392000 	C:\Windows\System32\bcryptPrimitives.dll
0x00007ffaa62f0000 - 0x00007ffaa631e000 	C:\Windows\System32\IMM32.DLL
0x000000006abe0000 - 0x000000006acb2000 	C:\Program Files\OpenJDK\openjdk-8u275-b01\jre\bin\msvcr100.dll
0x000000006a340000 - 0x000000006abd4000 	C:\Program Files\OpenJDK\openjdk-8u275-b01\jre\bin\server\jvm.dll
0x00007ffaa5b10000 - 0x00007ffaa5b18000 	C:\Windows\System32\PSAPI.DLL
0x00007ffa9fd50000 - 0x00007ffa9fd59000 	C:\Windows\SYSTEM32\WSOCK32.dll
0x00007ffaa1dc0000 - 0x00007ffaa1de4000 	C:\Windows\SYSTEM32\WINMM.dll
0x00007ffa9f340000 - 0x00007ffa9f34a000 	C:\Windows\SYSTEM32\VERSION.dll
0x00007ffaa5f50000 - 0x00007ffaa5fbd000 	C:\Windows\System32\WS2_32.dll
0x00007ffaa1d90000 - 0x00007ffaa1dbd000 	C:\Windows\SYSTEM32\WINMMBASE.dll
0x00007ffaa4be0000 - 0x00007ffaa4c2a000 	C:\Windows\System32\cfgmgr32.dll
0x00007ffaa1df0000 - 0x00007ffaa1dff000 	C:\Program Files\OpenJDK\openjdk-8u275-b01\jre\bin\verify.dll
0x00007ffa9e780000 - 0x00007ffa9e7a9000 	C:\Program Files\OpenJDK\openjdk-8u275-b01\jre\bin\java.dll
0x00007ffaa0690000 - 0x00007ffaa06a6000 	C:\Program Files\OpenJDK\openjdk-8u275-b01\jre\bin\zip.dll
0x00007ffaa6450000 - 0x00007ffaa7948000 	C:\Windows\System32\SHELL32.dll
0x00007ffaa7960000 - 0x00007ffaa7a08000 	C:\Windows\System32\shcore.dll
0x00007ffaa4470000 - 0x00007ffaa4bba000 	C:\Windows\System32\windows.storage.dll
0x00007ffaa3bb0000 - 0x00007ffaa3bd4000 	C:\Windows\System32\profapi.dll
0x00007ffaa3c00000 - 0x00007ffaa3c5d000 	C:\Windows\System32\powrprof.dll
0x00007ffaa7a10000 - 0x00007ffaa7a62000 	C:\Windows\System32\shlwapi.dll
0x00007ffaa3b90000 - 0x00007ffaa3ba1000 	C:\Windows\System32\kernel.appcore.dll
0x00007ffaa4450000 - 0x00007ffaa4467000 	C:\Windows\System32\cryptsp.dll
0x00007ffa9f030000 - 0x00007ffa9f04b000 	C:\Program Files\OpenJDK\openjdk-8u275-b01\jre\bin\net.dll
0x00007ffaa3380000 - 0x00007ffaa33e7000 	C:\Windows\system32\mswsock.dll
0x00007ffa9e760000 - 0x00007ffa9e772000 	C:\Program Files\OpenJDK\openjdk-8u275-b01\jre\bin\nio.dll
0x00007ffa981a0000 - 0x00007ffa981c6000 	C:\Users\Nursultan\.gradle\native\fdc75f09e3144964f2cf3f50f0aa648679c211496f362492102eb8c894070792\windows-amd64\native-platform.dll
0x00007ffa7dda0000 - 0x00007ffa7df31000 	C:\Users\Nursultan\.gradle\native\12488b8bf47d2d4c9fbf2f6322a914ad602e24e48041cd04a747c6da556b65c4\windows-amd64\native-platform-file-events.dll
0x00007ffaa0630000 - 0x00007ffaa063d000 	C:\Program Files\OpenJDK\openjdk-8u275-b01\jre\bin\management.dll
0x00007ffaa2f10000 - 0x00007ffaa2f43000 	C:\Windows\system32\rsaenh.dll
0x00007ffaa42e0000 - 0x00007ffaa4306000 	C:\Windows\System32\bcrypt.dll
0x00007ffaa3a90000 - 0x00007ffaa3ab9000 	C:\Windows\SYSTEM32\USERENV.dll
0x00007ffaa3550000 - 0x00007ffaa355c000 	C:\Windows\SYSTEM32\CRYPTBASE.dll
0x00007ffaa30a0000 - 0x00007ffaa30dd000 	C:\Windows\SYSTEM32\IPHLPAPI.DLL
0x00007ffaa7950000 - 0x00007ffaa7958000 	C:\Windows\System32\NSI.dll
0x00007ffa9e3b0000 - 0x00007ffa9e3c6000 	C:\Windows\SYSTEM32\dhcpcsvc6.DLL
0x00007ffa9e390000 - 0x00007ffa9e3ac000 	C:\Windows\SYSTEM32\dhcpcsvc.DLL
0x00007ffaa30e0000 - 0x00007ffaa31a6000 	C:\Windows\SYSTEM32\DNSAPI.dll
0x00007ffa9ea30000 - 0x00007ffa9ea3b000 	C:\Windows\SYSTEM32\WINNSI.DLL

VM Arguments:
jvm_args: -Xmx4g -Dfile.encoding=windows-1251 -Duser.country=RU -Duser.language=ru -Duser.variant 
java_command: org.gradle.launcher.daemon.bootstrap.GradleDaemon 6.7
java_class_path (initial): C:\Users\Nursultan\.gradle\wrapper\dists\gradle-6.7-all\cuy9mc7upwgwgeb72wkcrupxe\gradle-6.7\lib\gradle-launcher-6.7.jar
Launcher Type: SUN_STANDARD

Environment Variables:
JAVA_HOME=C:\Program Files\OpenJDK\openjdk-8u275-b01
CLASSPATH=D:\Projects\carket\android\\gradle\wrapper\gradle-wrapper.jar
PATH=C:\Program Files (x86)\Common Files\Oracle\Java\javapath;C:\Program Files\Common Files\Oracle\Java\javapath;C:\Windows\system32;C:\Windows;C:\Windows\System32\Wbem;C:\Windows\System32\WindowsPowerShell\v1.0\;C:\Windows\System32\OpenSSH\;C:\ProgramData\chocolatey\bin;D:\Programs\Git\cmd;D:\Programs\Git\mingw64\bin;D:\Programs\Git\usr\bin;D:\Programs\Microsoft VS Code\bin;C:\Program Files (x86)\Yarn\bin\;C:\Program Files\OpenJDK\openjdk-8u275-b01\bin;C:\Users\Nursultan\AppData\Local\Android\Sdk;C:\Users\Nursultan\AppData\Local\Android\Sdk\platform-tools;C:\Users\Nursultan\AppData\Local\Android\Sdk\watchman;C:\Program Files\nodejs\;C:\Users\Nursultan\AppData\Local\Microsoft\WindowsApps;C:\Users\Nursultan\AppData\Local\Yarn\bin;C:\Users\Nursultan\AppData\Roaming\npm;;C:\Users\Nursultan\AppData\Local\Programs\Microsoft VS Code\bin
USERNAME=Nursultan
OS=Windows_NT
PROCESSOR_IDENTIFIER=Intel64 Family 6 Model 142 Stepping 11, GenuineIntel



---------------  S Y S T E M  ---------------

OS: Windows 10.0 , 64 bit Build 17763 (10.0.17763.2145)

CPU:total 8 (initial active 8) (4 cores per cpu, 2 threads per core) family 6 model 142 stepping 11, cmov, cx8, fxsr, mmx, sse, sse2, sse3, ssse3, sse4.1, sse4.2, popcnt, avx, avx2, aes, clmul, erms, 3dnowpref, lzcnt, ht, tsc, tscinvbit, bmi1, bmi2, adx

Memory: 4k page, physical 8232180k(817604k free), swap 8232180k(5248k free)

vm_info: OpenJDK 64-Bit Server VM (25.275-b01) for windows-amd64 JRE (1.8.0_275-b01), built on Nov  6 2020 13:43:37 by "build" with MS VC++ 10.0 (VS2010)

time: Sat Oct 30 21:54:48 2021
timezone: RTZ 2 (зима)
elapsed time: 75.863417 seconds (0d 0h 1m 15s)

